[debug] [2022-01-13T09:10:04.302Z] ----------------------------------------------------------------------
[debug] [2022-01-13T09:10:04.305Z] Command:       C:\Program Files\nodejs\node.exe C:\Users\Hossam\AppData\Roaming\npm\node_modules\firebase-tools\lib\bin\firebase.js deploy --only hosting -m Deploying the best new feature ever.
[debug] [2022-01-13T09:10:04.305Z] CLI Version:   10.1.0
[debug] [2022-01-13T09:10:04.305Z] Platform:      win32
[debug] [2022-01-13T09:10:04.305Z] Node Version:  v14.16.0
[debug] [2022-01-13T09:10:04.307Z] Time:          Thu Jan 13 2022 11:10:04 GMT+0200 (توقيت شرق أوروبا الرسمي)
[debug] [2022-01-13T09:10:04.307Z] ----------------------------------------------------------------------
[debug] 
[debug] [2022-01-13T09:10:04.376Z] > command requires scopes: ["email","openid","https://www.googleapis.com/auth/cloudplatformprojects.readonly","https://www.googleapis.com/auth/firebase","https://www.googleapis.com/auth/cloud-platform"]
[debug] [2022-01-13T09:10:04.376Z] > authorizing via signed-in user (tomorrow.website2050@gmail.com)
[debug] [2022-01-13T09:10:04.377Z] [iam] checking project vue-cli-3-custom for permissions ["firebase.projects.get","firebasehosting.sites.update"]
[debug] [2022-01-13T09:10:04.379Z] > refreshing access token with scopes: ["email","https://www.googleapis.com/auth/cloud-platform","https://www.googleapis.com/auth/cloudplatformprojects.readonly","https://www.googleapis.com/auth/firebase","openid"]
[debug] [2022-01-13T09:10:04.379Z] >>> HTTP REQUEST POST https://www.googleapis.com/oauth2/v3/token  
 <request body omitted>
[debug] [2022-01-13T09:10:04.756Z] <<< HTTP RESPONSE 200 {"date":"Thu, 13 Jan 2022 09:10:03 GMT","pragma":"no-cache","cache-control":"no-cache, no-store, max-age=0, must-revalidate","expires":"Mon, 01 Jan 1990 00:00:00 GMT","content-type":"application/json; charset=utf-8","vary":"X-Origin, Referer, Origin,Accept-Encoding","server":"scaffolding on HTTPServer2","x-xss-protection":"0","x-frame-options":"SAMEORIGIN","x-content-type-options":"nosniff","alt-svc":"h3=\":443\"; ma=2592000,h3-29=\":443\"; ma=2592000,h3-Q050=\":443\"; ma=2592000,h3-Q046=\":443\"; ma=2592000,h3-Q043=\":443\"; ma=2592000,quic=\":443\"; ma=2592000; v=\"46,43\"","accept-ranges":"none","transfer-encoding":"chunked"}
[debug] [2022-01-13T09:10:04.871Z] >>> HTTP REQUEST POST https://cloudresourcemanager.googleapis.com/v1/projects/vue-cli-3-custom:testIamPermissions  
 {"permissions":["firebase.projects.get","firebasehosting.sites.update"]}
[debug] [2022-01-13T09:10:05.854Z] <<< HTTP RESPONSE 200 {"content-type":"application/json; charset=UTF-8","vary":"X-Origin, Referer, Origin,Accept-Encoding","date":"Thu, 13 Jan 2022 09:10:05 GMT","server":"ESF","cache-control":"private","x-xss-protection":"0","x-frame-options":"SAMEORIGIN","x-content-type-options":"nosniff","server-timing":"gfet4t7; dur=617","alt-svc":"h3=\":443\"; ma=2592000,h3-29=\":443\"; ma=2592000,h3-Q050=\":443\"; ma=2592000,h3-Q046=\":443\"; ma=2592000,h3-Q043=\":443\"; ma=2592000,quic=\":443\"; ma=2592000; v=\"46,43\"","accept-ranges":"none","transfer-encoding":"chunked"}
[debug] [2022-01-13T09:10:05.856Z] > refreshing access token with scopes: []
[debug] [2022-01-13T09:10:05.856Z] >>> HTTP REQUEST POST https://www.googleapis.com/oauth2/v3/token  
 <request body omitted>
[debug] [2022-01-13T09:10:06.166Z] <<< HTTP RESPONSE 200 {"date":"Thu, 13 Jan 2022 09:10:05 GMT","cache-control":"no-cache, no-store, max-age=0, must-revalidate","pragma":"no-cache","expires":"Mon, 01 Jan 1990 00:00:00 GMT","content-type":"application/json; charset=utf-8","vary":"X-Origin, Referer, Origin,Accept-Encoding","server":"scaffolding on HTTPServer2","x-xss-protection":"0","x-frame-options":"SAMEORIGIN","x-content-type-options":"nosniff","alt-svc":"h3=\":443\"; ma=2592000,h3-29=\":443\"; ma=2592000,h3-Q050=\":443\"; ma=2592000,h3-Q046=\":443\"; ma=2592000,h3-Q043=\":443\"; ma=2592000,quic=\":443\"; ma=2592000; v=\"46,43\"","accept-ranges":"none","transfer-encoding":"chunked"}
[debug] [2022-01-13T09:10:06.235Z] >>> [apiv2][query] GET https://firebase.googleapis.com/v1beta1/projects/vue-cli-3-custom [none]
[debug] [2022-01-13T09:10:06.708Z] <<< [apiv2][status] GET https://firebase.googleapis.com/v1beta1/projects/vue-cli-3-custom 200
[debug] [2022-01-13T09:10:06.708Z] <<< [apiv2][body] GET https://firebase.googleapis.com/v1beta1/projects/vue-cli-3-custom {"projectId":"vue-cli-3-custom","projectNumber":"603557266894","displayName":"vue-cli-3-custom","name":"projects/vue-cli-3-custom","resources":{"hostingSite":"vue-cli-3-custom","storageBucket":"vue-cli-3-custom.appspot.com","locationId":"europe-west"},"state":"ACTIVE"}
[info] 
[info] === Deploying to 'vue-cli-3-custom'...
[info] 
[info] i  deploying hosting 
[debug] [2022-01-13T09:10:06.713Z] > refreshing access token with scopes: ["email","https://www.googleapis.com/auth/cloud-platform","https://www.googleapis.com/auth/cloudplatformprojects.readonly","https://www.googleapis.com/auth/firebase","openid"]
[debug] [2022-01-13T09:10:06.713Z] >>> HTTP REQUEST POST https://www.googleapis.com/oauth2/v3/token  
 <request body omitted>
[debug] [2022-01-13T09:10:07.019Z] <<< HTTP RESPONSE 200 {"date":"Thu, 13 Jan 2022 09:10:06 GMT","expires":"Mon, 01 Jan 1990 00:00:00 GMT","pragma":"no-cache","cache-control":"no-cache, no-store, max-age=0, must-revalidate","content-type":"application/json; charset=utf-8","vary":"X-Origin, Referer, Origin,Accept-Encoding","server":"scaffolding on HTTPServer2","x-xss-protection":"0","x-frame-options":"SAMEORIGIN","x-content-type-options":"nosniff","alt-svc":"h3=\":443\"; ma=2592000,h3-29=\":443\"; ma=2592000,h3-Q050=\":443\"; ma=2592000,h3-Q046=\":443\"; ma=2592000,h3-Q043=\":443\"; ma=2592000,quic=\":443\"; ma=2592000; v=\"46,43\"","accept-ranges":"none","transfer-encoding":"chunked"}
[debug] [2022-01-13T09:10:07.092Z] >>> HTTP REQUEST POST https://firebasehosting.googleapis.com/v1beta1/sites/vue-cli-3-custom/versions  
 {"config":{"rewrites":[{"glob":"**","path":"/index.html"}]},"labels":{"deployment-tool":"cli-firebase"}}
[debug] [2022-01-13T09:10:08.731Z] <<< HTTP RESPONSE 200 {"content-type":"application/json; charset=UTF-8","vary":"X-Origin, Referer, Origin,Accept-Encoding","date":"Thu, 13 Jan 2022 09:10:07 GMT","server":"ESF","cache-control":"private","x-xss-protection":"0","x-frame-options":"SAMEORIGIN","x-content-type-options":"nosniff","alt-svc":"h3=\":443\"; ma=2592000,h3-29=\":443\"; ma=2592000,h3-Q050=\":443\"; ma=2592000,h3-Q046=\":443\"; ma=2592000,h3-Q043=\":443\"; ma=2592000,quic=\":443\"; ma=2592000; v=\"46,43\"","accept-ranges":"none","transfer-encoding":"chunked"}
[info] i  hosting[vue-cli-3-custom]: beginning deploy... 
[info] i  hosting[vue-cli-3-custom]: found 11 files in dist 
[debug] [2022-01-13T09:10:08.746Z] > refreshing access token with scopes: []
[debug] [2022-01-13T09:10:08.746Z] >>> HTTP REQUEST POST https://www.googleapis.com/oauth2/v3/token  
 <request body omitted>
[debug] [2022-01-13T09:10:08.747Z] [hosting] hash cache [ZGlzdA] stored for 11 files
[debug] [2022-01-13T09:10:08.747Z] [hosting][hash queue][FINAL] {"max":2,"min":0,"avg":0,"active":0,"complete":11,"success":11,"errored":0,"retried":0,"total":11,"elapsed":4}
[debug] [2022-01-13T09:10:09.052Z] <<< HTTP RESPONSE 200 {"cache-control":"no-cache, no-store, max-age=0, must-revalidate","date":"Thu, 13 Jan 2022 09:10:08 GMT","expires":"Mon, 01 Jan 1990 00:00:00 GMT","pragma":"no-cache","content-type":"application/json; charset=utf-8","vary":"X-Origin, Referer, Origin,Accept-Encoding","server":"scaffolding on HTTPServer2","x-xss-protection":"0","x-frame-options":"SAMEORIGIN","x-content-type-options":"nosniff","alt-svc":"h3=\":443\"; ma=2592000,h3-29=\":443\"; ma=2592000,h3-Q050=\":443\"; ma=2592000,h3-Q046=\":443\"; ma=2592000,h3-Q043=\":443\"; ma=2592000,quic=\":443\"; ma=2592000; v=\"46,43\"","accept-ranges":"none","transfer-encoding":"chunked"}
[debug] [2022-01-13T09:10:09.217Z] >>> [apiv2][query] POST https://firebasehosting.googleapis.com/v1beta1/sites/vue-cli-3-custom/versions/fd9da94bae8fc2de:populateFiles [none]
[debug] [2022-01-13T09:10:09.217Z] >>> [apiv2][body] POST https://firebasehosting.googleapis.com/v1beta1/sites/vue-cli-3-custom/versions/fd9da94bae8fc2de:populateFiles {"files":{"/favicon.ico":"d5451f0f0f0bcbcd433bbdf4f6e7e5d89d8ecce2650649e969ccb5e5cd499ab2","/index.html":"e9d28de62539d4d8035b94cf4b58d1c509bfc972b4bbe762e89f62c31333ec7a","/css/app.e99e89b2.css":"19be109eb8618dba6e8c6e3f77ebd1422cb4f2413baa84489042e1f5f1d67371","/css/chunk-vendors.34dcb83a.css":"68b2de2197fa64323dc795fdd18db73cf0352bfbe2ba5e30323ce7c98869966d","/img/bg-1.d59fa5ec.jpg":"6ade7c8f0c9bebb83e7ee6a8259d68c7a74ae6be6e1599ddb32ba58101ce6477","/img/bg-2.23c218da.jpg":"5b694a1eb6842a81e10723244456f59dd1957b567f368a2a87083da900a4823c","/img/logo.82b9c7a5.png":"438ff076c76bd2573eb20ffa0804462a1334b7d28aa49d1b55a84d7345269938","/js/app.3f0c6344.js":"6c90e8b6958be35ba25e7b3f76b1626c2a57517a6ff7bfd0191717399fb563b0","/js/app.3f0c6344.js.map":"6ab91b5afdd227c72a5980aa2b93c163d9952f7512d28bfbf3a9c91f9a0bf5d9","/js/chunk-vendors.6371603d.js":"d619b7e11526bb3cc7fd567e715fd93c95ae494c128e0e8c607997d27710bb6a","/js/chunk-vendors.6371603d.js.map":"faff002408e849cb2f23522e6026db378dc612275a43823ea975cfcf7b1819bc"}}
[debug] [2022-01-13T09:10:10.427Z] <<< [apiv2][status] POST https://firebasehosting.googleapis.com/v1beta1/sites/vue-cli-3-custom/versions/fd9da94bae8fc2de:populateFiles 200
[debug] [2022-01-13T09:10:10.428Z] <<< [apiv2][body] POST https://firebasehosting.googleapis.com/v1beta1/sites/vue-cli-3-custom/versions/fd9da94bae8fc2de:populateFiles {"uploadRequiredHashes":["d619b7e11526bb3cc7fd567e715fd93c95ae494c128e0e8c607997d27710bb6a","faff002408e849cb2f23522e6026db378dc612275a43823ea975cfcf7b1819bc"],"uploadUrl":"https://upload-firebasehosting.googleapis.com/upload/sites/vue-cli-3-custom/versions/fd9da94bae8fc2de/files"}
[debug] [2022-01-13T09:10:10.429Z] >>> [apiv2][query] POST https://upload-firebasehosting.googleapis.com/upload/sites/vue-cli-3-custom/versions/fd9da94bae8fc2de/files/d619b7e11526bb3cc7fd567e715fd93c95ae494c128e0e8c607997d27710bb6a [none]
[debug] [2022-01-13T09:10:10.429Z] >>> [apiv2][body] POST https://upload-firebasehosting.googleapis.com/upload/sites/vue-cli-3-custom/versions/fd9da94bae8fc2de/files/d619b7e11526bb3cc7fd567e715fd93c95ae494c128e0e8c607997d27710bb6a [stream]
[debug] [2022-01-13T09:10:10.430Z] >>> [apiv2][query] POST https://upload-firebasehosting.googleapis.com/upload/sites/vue-cli-3-custom/versions/fd9da94bae8fc2de/files/faff002408e849cb2f23522e6026db378dc612275a43823ea975cfcf7b1819bc [none]
[debug] [2022-01-13T09:10:10.430Z] >>> [apiv2][body] POST https://upload-firebasehosting.googleapis.com/upload/sites/vue-cli-3-custom/versions/fd9da94bae8fc2de/files/faff002408e849cb2f23522e6026db378dc612275a43823ea975cfcf7b1819bc [stream]
[debug] [2022-01-13T09:10:10.431Z] [hosting][populate queue][FINAL] {"max":1683,"min":1683,"avg":1683,"active":0,"complete":1,"success":1,"errored":0,"retried":0,"total":1,"elapsed":1685}
[debug] [2022-01-13T09:10:10.431Z] [hosting] uploads queued: 2
[debug] [2022-01-13T09:10:10.975Z] ----------------------------------------------------------------------
[debug] [2022-01-13T09:10:10.977Z] Command:       C:\Program Files\nodejs\node.exe C:\Users\Hossam\AppData\Roaming\npm\node_modules\firebase-tools\lib\bin\firebase.js deploy --only hosting -m Deploying the best new feature ever.
[debug] [2022-01-13T09:10:10.978Z] CLI Version:   10.1.0
[debug] [2022-01-13T09:10:10.978Z] Platform:      win32
[debug] [2022-01-13T09:10:10.978Z] Node Version:  v14.16.0
[debug] [2022-01-13T09:10:10.979Z] Time:          Thu Jan 13 2022 11:10:10 GMT+0200 (توقيت شرق أوروبا الرسمي)
[debug] [2022-01-13T09:10:10.979Z] ----------------------------------------------------------------------
[debug] 
[debug] [2022-01-13T09:10:11.045Z] > command requires scopes: ["email","openid","https://www.googleapis.com/auth/cloudplatformprojects.readonly","https://www.googleapis.com/auth/firebase","https://www.googleapis.com/auth/cloud-platform"]
[debug] [2022-01-13T09:10:11.045Z] > authorizing via signed-in user (tomorrow.website2050@gmail.com)
[debug] [2022-01-13T09:10:11.045Z] [iam] checking project vue-cli-3-custom for permissions ["firebase.projects.get","firebasehosting.sites.update"]
[debug] [2022-01-13T09:10:11.047Z] > refreshing access token with scopes: ["email","https://www.googleapis.com/auth/cloud-platform","https://www.googleapis.com/auth/cloudplatformprojects.readonly","https://www.googleapis.com/auth/firebase","openid"]
[debug] [2022-01-13T09:10:11.047Z] >>> HTTP REQUEST POST https://www.googleapis.com/oauth2/v3/token  
 <request body omitted>
[debug] [2022-01-13T09:10:18.185Z] <<< HTTP RESPONSE 200 {"pragma":"no-cache","cache-control":"no-cache, no-store, max-age=0, must-revalidate","date":"Thu, 13 Jan 2022 09:10:17 GMT","expires":"Mon, 01 Jan 1990 00:00:00 GMT","content-type":"application/json; charset=utf-8","vary":"X-Origin, Referer, Origin,Accept-Encoding","server":"scaffolding on HTTPServer2","x-xss-protection":"0","x-frame-options":"SAMEORIGIN","x-content-type-options":"nosniff","alt-svc":"h3=\":443\"; ma=2592000,h3-29=\":443\"; ma=2592000,h3-Q050=\":443\"; ma=2592000,h3-Q046=\":443\"; ma=2592000,h3-Q043=\":443\"; ma=2592000,quic=\":443\"; ma=2592000; v=\"46,43\"","accept-ranges":"none","transfer-encoding":"chunked"}
[debug] [2022-01-13T09:10:18.309Z] >>> HTTP REQUEST POST https://cloudresourcemanager.googleapis.com/v1/projects/vue-cli-3-custom:testIamPermissions  
 {"permissions":["firebase.projects.get","firebasehosting.sites.update"]}
[debug] [2022-01-13T09:10:19.613Z] <<< HTTP RESPONSE 200 {"content-type":"application/json; charset=UTF-8","vary":"X-Origin, Referer, Origin,Accept-Encoding","date":"Thu, 13 Jan 2022 09:10:18 GMT","server":"ESF","cache-control":"private","x-xss-protection":"0","x-frame-options":"SAMEORIGIN","x-content-type-options":"nosniff","server-timing":"gfet4t7; dur=620","alt-svc":"h3=\":443\"; ma=2592000,h3-29=\":443\"; ma=2592000,h3-Q050=\":443\"; ma=2592000,h3-Q046=\":443\"; ma=2592000,h3-Q043=\":443\"; ma=2592000,quic=\":443\"; ma=2592000; v=\"46,43\"","accept-ranges":"none","transfer-encoding":"chunked"}
[debug] [2022-01-13T09:10:19.615Z] > refreshing access token with scopes: []
[debug] [2022-01-13T09:10:19.615Z] >>> HTTP REQUEST POST https://www.googleapis.com/oauth2/v3/token  
 <request body omitted>
[debug] [2022-01-13T09:10:20.305Z] <<< HTTP RESPONSE 200 {"pragma":"no-cache","date":"Thu, 13 Jan 2022 09:10:19 GMT","cache-control":"no-cache, no-store, max-age=0, must-revalidate","expires":"Mon, 01 Jan 1990 00:00:00 GMT","content-type":"application/json; charset=utf-8","vary":"X-Origin, Referer, Origin,Accept-Encoding","server":"scaffolding on HTTPServer2","x-xss-protection":"0","x-frame-options":"SAMEORIGIN","x-content-type-options":"nosniff","alt-svc":"h3=\":443\"; ma=2592000,h3-29=\":443\"; ma=2592000,h3-Q050=\":443\"; ma=2592000,h3-Q046=\":443\"; ma=2592000,h3-Q043=\":443\"; ma=2592000,quic=\":443\"; ma=2592000; v=\"46,43\"","accept-ranges":"none","transfer-encoding":"chunked"}
[debug] [2022-01-13T09:10:20.418Z] >>> [apiv2][query] GET https://firebase.googleapis.com/v1beta1/projects/vue-cli-3-custom [none]
[debug] [2022-01-13T09:10:24.342Z] <<< [apiv2][status] GET https://firebase.googleapis.com/v1beta1/projects/vue-cli-3-custom 200
[debug] [2022-01-13T09:10:24.342Z] <<< [apiv2][body] GET https://firebase.googleapis.com/v1beta1/projects/vue-cli-3-custom {"projectId":"vue-cli-3-custom","projectNumber":"603557266894","displayName":"vue-cli-3-custom","name":"projects/vue-cli-3-custom","resources":{"hostingSite":"vue-cli-3-custom","storageBucket":"vue-cli-3-custom.appspot.com","locationId":"europe-west"},"state":"ACTIVE"}
[info] 
[info] === Deploying to 'vue-cli-3-custom'...
[info] 
[info] i  deploying hosting 
[debug] [2022-01-13T09:10:24.346Z] > refreshing access token with scopes: ["email","https://www.googleapis.com/auth/cloud-platform","https://www.googleapis.com/auth/cloudplatformprojects.readonly","https://www.googleapis.com/auth/firebase","openid"]
[debug] [2022-01-13T09:10:24.347Z] >>> HTTP REQUEST POST https://www.googleapis.com/oauth2/v3/token  
 <request body omitted>
[debug] [2022-01-13T09:10:27.845Z] <<< HTTP RESPONSE 200 {"date":"Thu, 13 Jan 2022 09:10:27 GMT","expires":"Mon, 01 Jan 1990 00:00:00 GMT","cache-control":"no-cache, no-store, max-age=0, must-revalidate","pragma":"no-cache","content-type":"application/json; charset=utf-8","vary":"X-Origin, Referer, Origin,Accept-Encoding","server":"scaffolding on HTTPServer2","x-xss-protection":"0","x-frame-options":"SAMEORIGIN","x-content-type-options":"nosniff","alt-svc":"h3=\":443\"; ma=2592000,h3-29=\":443\"; ma=2592000,h3-Q050=\":443\"; ma=2592000,h3-Q046=\":443\"; ma=2592000,h3-Q043=\":443\"; ma=2592000,quic=\":443\"; ma=2592000; v=\"46,43\"","accept-ranges":"none","transfer-encoding":"chunked"}
[debug] [2022-01-13T09:10:27.975Z] >>> HTTP REQUEST POST https://firebasehosting.googleapis.com/v1beta1/sites/vue-cli-3-custom/versions  
 {"config":{"rewrites":[{"glob":"**","path":"/index.html"}]},"labels":{"deployment-tool":"cli-firebase"}}
[debug] [2022-01-13T09:10:29.869Z] <<< HTTP RESPONSE 200 {"content-type":"application/json; charset=UTF-8","vary":"X-Origin, Referer, Origin,Accept-Encoding","date":"Thu, 13 Jan 2022 09:10:29 GMT","server":"ESF","cache-control":"private","x-xss-protection":"0","x-frame-options":"SAMEORIGIN","x-content-type-options":"nosniff","alt-svc":"h3=\":443\"; ma=2592000,h3-29=\":443\"; ma=2592000,h3-Q050=\":443\"; ma=2592000,h3-Q046=\":443\"; ma=2592000,h3-Q043=\":443\"; ma=2592000,quic=\":443\"; ma=2592000; v=\"46,43\"","accept-ranges":"none","transfer-encoding":"chunked"}
[info] i  hosting[vue-cli-3-custom]: beginning deploy... 
[info] i  hosting[vue-cli-3-custom]: found 11 files in dist 
[debug] [2022-01-13T09:10:29.884Z] > refreshing access token with scopes: []
[debug] [2022-01-13T09:10:29.885Z] >>> HTTP REQUEST POST https://www.googleapis.com/oauth2/v3/token  
 <request body omitted>
[debug] [2022-01-13T09:10:29.887Z] [hosting] hash cache [ZGlzdA] stored for 11 files
[debug] [2022-01-13T09:10:29.887Z] [hosting][hash queue][FINAL] {"max":2,"min":1,"avg":1,"active":0,"complete":11,"success":11,"errored":0,"retried":0,"total":11,"elapsed":6}
[debug] [2022-01-13T09:10:32.996Z] <<< HTTP RESPONSE 200 {"pragma":"no-cache","cache-control":"no-cache, no-store, max-age=0, must-revalidate","expires":"Mon, 01 Jan 1990 00:00:00 GMT","date":"Thu, 13 Jan 2022 09:10:32 GMT","content-type":"application/json; charset=utf-8","vary":"X-Origin, Referer, Origin,Accept-Encoding","server":"scaffolding on HTTPServer2","x-xss-protection":"0","x-frame-options":"SAMEORIGIN","x-content-type-options":"nosniff","alt-svc":"h3=\":443\"; ma=2592000,h3-29=\":443\"; ma=2592000,h3-Q050=\":443\"; ma=2592000,h3-Q046=\":443\"; ma=2592000,h3-Q043=\":443\"; ma=2592000,quic=\":443\"; ma=2592000; v=\"46,43\"","accept-ranges":"none","transfer-encoding":"chunked"}
[debug] [2022-01-13T09:10:33.299Z] >>> [apiv2][query] POST https://firebasehosting.googleapis.com/v1beta1/sites/vue-cli-3-custom/versions/17f29371dc078f9c:populateFiles [none]
[debug] [2022-01-13T09:10:33.300Z] >>> [apiv2][body] POST https://firebasehosting.googleapis.com/v1beta1/sites/vue-cli-3-custom/versions/17f29371dc078f9c:populateFiles {"files":{"/favicon.ico":"d5451f0f0f0bcbcd433bbdf4f6e7e5d89d8ecce2650649e969ccb5e5cd499ab2","/index.html":"e9d28de62539d4d8035b94cf4b58d1c509bfc972b4bbe762e89f62c31333ec7a","/css/app.e99e89b2.css":"19be109eb8618dba6e8c6e3f77ebd1422cb4f2413baa84489042e1f5f1d67371","/css/chunk-vendors.34dcb83a.css":"68b2de2197fa64323dc795fdd18db73cf0352bfbe2ba5e30323ce7c98869966d","/img/bg-1.d59fa5ec.jpg":"6ade7c8f0c9bebb83e7ee6a8259d68c7a74ae6be6e1599ddb32ba58101ce6477","/img/bg-2.23c218da.jpg":"5b694a1eb6842a81e10723244456f59dd1957b567f368a2a87083da900a4823c","/img/logo.82b9c7a5.png":"438ff076c76bd2573eb20ffa0804462a1334b7d28aa49d1b55a84d7345269938","/js/app.3f0c6344.js":"6c90e8b6958be35ba25e7b3f76b1626c2a57517a6ff7bfd0191717399fb563b0","/js/app.3f0c6344.js.map":"6ab91b5afdd227c72a5980aa2b93c163d9952f7512d28bfbf3a9c91f9a0bf5d9","/js/chunk-vendors.6371603d.js":"d619b7e11526bb3cc7fd567e715fd93c95ae494c128e0e8c607997d27710bb6a","/js/chunk-vendors.6371603d.js.map":"faff002408e849cb2f23522e6026db378dc612275a43823ea975cfcf7b1819bc"}}
[debug] [2022-01-13T09:10:39.314Z] <<< [apiv2][status] POST https://firebasehosting.googleapis.com/v1beta1/sites/vue-cli-3-custom/versions/17f29371dc078f9c:populateFiles 200
[debug] [2022-01-13T09:10:39.314Z] <<< [apiv2][body] POST https://firebasehosting.googleapis.com/v1beta1/sites/vue-cli-3-custom/versions/17f29371dc078f9c:populateFiles {"uploadRequiredHashes":["faff002408e849cb2f23522e6026db378dc612275a43823ea975cfcf7b1819bc","d619b7e11526bb3cc7fd567e715fd93c95ae494c128e0e8c607997d27710bb6a"],"uploadUrl":"https://upload-firebasehosting.googleapis.com/upload/sites/vue-cli-3-custom/versions/17f29371dc078f9c/files"}
[debug] [2022-01-13T09:10:39.316Z] >>> [apiv2][query] POST https://upload-firebasehosting.googleapis.com/upload/sites/vue-cli-3-custom/versions/17f29371dc078f9c/files/faff002408e849cb2f23522e6026db378dc612275a43823ea975cfcf7b1819bc [none]
[debug] [2022-01-13T09:10:39.316Z] >>> [apiv2][body] POST https://upload-firebasehosting.googleapis.com/upload/sites/vue-cli-3-custom/versions/17f29371dc078f9c/files/faff002408e849cb2f23522e6026db378dc612275a43823ea975cfcf7b1819bc [stream]
[debug] [2022-01-13T09:10:39.317Z] >>> [apiv2][query] POST https://upload-firebasehosting.googleapis.com/upload/sites/vue-cli-3-custom/versions/17f29371dc078f9c/files/d619b7e11526bb3cc7fd567e715fd93c95ae494c128e0e8c607997d27710bb6a [none]
[debug] [2022-01-13T09:10:39.317Z] >>> [apiv2][body] POST https://upload-firebasehosting.googleapis.com/upload/sites/vue-cli-3-custom/versions/17f29371dc078f9c/files/d619b7e11526bb3cc7fd567e715fd93c95ae494c128e0e8c607997d27710bb6a [stream]
[debug] [2022-01-13T09:10:39.318Z] [hosting][populate queue][FINAL] {"max":9432,"min":9432,"avg":9432,"active":0,"complete":1,"success":1,"errored":0,"retried":0,"total":1,"elapsed":9434}
[debug] [2022-01-13T09:10:39.318Z] [hosting] uploads queued: 2
[debug] [2022-01-13T09:10:47.657Z] [uploadQueue] Retrying task d619b7e11526bb3cc7fd567e715fd93c95ae494c128e0e8c607997d27710bb6a
[debug] [2022-01-13T09:10:47.658Z] >>> [apiv2][query] POST https://upload-firebasehosting.googleapis.com/upload/sites/vue-cli-3-custom/versions/fd9da94bae8fc2de/files/d619b7e11526bb3cc7fd567e715fd93c95ae494c128e0e8c607997d27710bb6a [none]
[debug] [2022-01-13T09:10:47.658Z] >>> [apiv2][body] POST https://upload-firebasehosting.googleapis.com/upload/sites/vue-cli-3-custom/versions/fd9da94bae8fc2de/files/d619b7e11526bb3cc7fd567e715fd93c95ae494c128e0e8c607997d27710bb6a [stream]
[debug] [2022-01-13T09:10:58.294Z] ----------------------------------------------------------------------
[debug] [2022-01-13T09:10:58.296Z] Command:       C:\Program Files\nodejs\node.exe C:\Users\Hossam\AppData\Roaming\npm\node_modules\firebase-tools\lib\bin\firebase.js init hosting
[debug] [2022-01-13T09:10:58.296Z] CLI Version:   10.1.0
[debug] [2022-01-13T09:10:58.297Z] Platform:      win32
[debug] [2022-01-13T09:10:58.297Z] Node Version:  v14.16.0
[debug] [2022-01-13T09:10:58.297Z] Time:          Thu Jan 13 2022 11:10:58 GMT+0200 (توقيت شرق أوروبا الرسمي)
[debug] [2022-01-13T09:10:58.298Z] ----------------------------------------------------------------------
[debug] 
[debug] [2022-01-13T09:10:58.360Z] > command requires scopes: ["email","openid","https://www.googleapis.com/auth/cloudplatformprojects.readonly","https://www.googleapis.com/auth/firebase","https://www.googleapis.com/auth/cloud-platform"]
[debug] [2022-01-13T09:10:58.360Z] > authorizing via signed-in user (tomorrow.website2050@gmail.com)
[info] 
     ######## #### ########  ######## ########     ###     ######  ########
     ##        ##  ##     ## ##       ##     ##  ##   ##  ##       ##
     ######    ##  ########  ######   ########  #########  ######  ######
     ##        ##  ##    ##  ##       ##     ## ##     ##       ## ##
     ##       #### ##     ## ######## ########  ##     ##  ######  ########

You're about to initialize a Firebase project in this directory:

  E:\FrameWork\App\vue-cli-3-custom

Before we get started, keep in mind:

  * You are initializing within an existing Firebase project directory

[debug] [2022-01-13T09:11:14.864Z] ----------------------------------------------------------------------
[debug] [2022-01-13T09:11:14.867Z] Command:       C:\Program Files\nodejs\node.exe C:\Users\Hossam\AppData\Roaming\npm\node_modules\firebase-tools\lib\bin\firebase.js init hosting:github
[debug] [2022-01-13T09:11:14.867Z] CLI Version:   10.1.0
[debug] [2022-01-13T09:11:14.867Z] Platform:      win32
[debug] [2022-01-13T09:11:14.868Z] Node Version:  v14.16.0
[debug] [2022-01-13T09:11:14.868Z] Time:          Thu Jan 13 2022 11:11:14 GMT+0200 (توقيت شرق أوروبا الرسمي)
[debug] [2022-01-13T09:11:14.869Z] ----------------------------------------------------------------------
[debug] 
[debug] [2022-01-13T09:11:14.965Z] > command requires scopes: ["email","openid","https://www.googleapis.com/auth/cloudplatformprojects.readonly","https://www.googleapis.com/auth/firebase","https://www.googleapis.com/auth/cloud-platform"]
[debug] [2022-01-13T09:11:14.965Z] > authorizing via signed-in user (tomorrow.website2050@gmail.com)
[info] 
     ######## #### ########  ######## ########     ###     ######  ########
     ##        ##  ##     ## ##       ##     ##  ##   ##  ##       ##
     ######    ##  ########  ######   ########  #########  ######  ######
     ##        ##  ##    ##  ##       ##     ## ##     ##       ## ##
     ##       #### ##     ## ######## ########  ##     ##  ######  ########

You're about to initialize a Firebase project in this directory:

  E:\FrameWork\App\vue-cli-3-custom

Before we get started, keep in mind:

  * You are initializing within an existing Firebase project directory

[debug] [2022-01-13T09:11:16.531Z] [uploadQueue] Retrying task d619b7e11526bb3cc7fd567e715fd93c95ae494c128e0e8c607997d27710bb6a
[debug] [2022-01-13T09:11:16.532Z] >>> [apiv2][query] POST https://upload-firebasehosting.googleapis.com/upload/sites/vue-cli-3-custom/versions/17f29371dc078f9c/files/d619b7e11526bb3cc7fd567e715fd93c95ae494c128e0e8c607997d27710bb6a [none]
[debug] [2022-01-13T09:11:16.532Z] >>> [apiv2][body] POST https://upload-firebasehosting.googleapis.com/upload/sites/vue-cli-3-custom/versions/17f29371dc078f9c/files/d619b7e11526bb3cc7fd567e715fd93c95ae494c128e0e8c607997d27710bb6a [stream]
[debug] [2022-01-13T09:11:25.278Z] [uploadQueue] Retrying task d619b7e11526bb3cc7fd567e715fd93c95ae494c128e0e8c607997d27710bb6a
[debug] [2022-01-13T09:11:25.279Z] >>> [apiv2][query] POST https://upload-firebasehosting.googleapis.com/upload/sites/vue-cli-3-custom/versions/fd9da94bae8fc2de/files/d619b7e11526bb3cc7fd567e715fd93c95ae494c128e0e8c607997d27710bb6a [none]
[debug] [2022-01-13T09:11:25.279Z] >>> [apiv2][body] POST https://upload-firebasehosting.googleapis.com/upload/sites/vue-cli-3-custom/versions/fd9da94bae8fc2de/files/d619b7e11526bb3cc7fd567e715fd93c95ae494c128e0e8c607997d27710bb6a [stream]
[debug] [2022-01-13T09:11:45.299Z] [uploadQueue] Retrying task faff002408e849cb2f23522e6026db378dc612275a43823ea975cfcf7b1819bc
[debug] [2022-01-13T09:11:45.300Z] >>> [apiv2][query] POST https://upload-firebasehosting.googleapis.com/upload/sites/vue-cli-3-custom/versions/fd9da94bae8fc2de/files/faff002408e849cb2f23522e6026db378dc612275a43823ea975cfcf7b1819bc [none]
[debug] [2022-01-13T09:11:45.300Z] >>> [apiv2][body] POST https://upload-firebasehosting.googleapis.com/upload/sites/vue-cli-3-custom/versions/fd9da94bae8fc2de/files/faff002408e849cb2f23522e6026db378dc612275a43823ea975cfcf7b1819bc [stream]
[debug] [2022-01-13T09:11:54.142Z] [uploadQueue] Retrying task d619b7e11526bb3cc7fd567e715fd93c95ae494c128e0e8c607997d27710bb6a
[debug] [2022-01-13T09:11:54.143Z] >>> [apiv2][query] POST https://upload-firebasehosting.googleapis.com/upload/sites/vue-cli-3-custom/versions/17f29371dc078f9c/files/d619b7e11526bb3cc7fd567e715fd93c95ae494c128e0e8c607997d27710bb6a [none]
[debug] [2022-01-13T09:11:54.143Z] >>> [apiv2][body] POST https://upload-firebasehosting.googleapis.com/upload/sites/vue-cli-3-custom/versions/17f29371dc078f9c/files/d619b7e11526bb3cc7fd567e715fd93c95ae494c128e0e8c607997d27710bb6a [stream]
[debug] [2022-01-13T09:12:03.704Z] [uploadQueue] Retrying task d619b7e11526bb3cc7fd567e715fd93c95ae494c128e0e8c607997d27710bb6a
[debug] [2022-01-13T09:12:03.705Z] >>> [apiv2][query] POST https://upload-firebasehosting.googleapis.com/upload/sites/vue-cli-3-custom/versions/fd9da94bae8fc2de/files/d619b7e11526bb3cc7fd567e715fd93c95ae494c128e0e8c607997d27710bb6a [none]
[debug] [2022-01-13T09:12:03.705Z] >>> [apiv2][body] POST https://upload-firebasehosting.googleapis.com/upload/sites/vue-cli-3-custom/versions/fd9da94bae8fc2de/files/d619b7e11526bb3cc7fd567e715fd93c95ae494c128e0e8c607997d27710bb6a [stream]
[debug] [2022-01-13T09:12:14.198Z] [uploadQueue] Retrying task faff002408e849cb2f23522e6026db378dc612275a43823ea975cfcf7b1819bc
[debug] [2022-01-13T09:12:14.199Z] >>> [apiv2][query] POST https://upload-firebasehosting.googleapis.com/upload/sites/vue-cli-3-custom/versions/17f29371dc078f9c/files/faff002408e849cb2f23522e6026db378dc612275a43823ea975cfcf7b1819bc [none]
[debug] [2022-01-13T09:12:14.199Z] >>> [apiv2][body] POST https://upload-firebasehosting.googleapis.com/upload/sites/vue-cli-3-custom/versions/17f29371dc078f9c/files/faff002408e849cb2f23522e6026db378dc612275a43823ea975cfcf7b1819bc [stream]
[debug] [2022-01-13T09:12:32.560Z] [uploadQueue] Retrying task d619b7e11526bb3cc7fd567e715fd93c95ae494c128e0e8c607997d27710bb6a
[debug] [2022-01-13T09:12:32.560Z] >>> [apiv2][query] POST https://upload-firebasehosting.googleapis.com/upload/sites/vue-cli-3-custom/versions/17f29371dc078f9c/files/d619b7e11526bb3cc7fd567e715fd93c95ae494c128e0e8c607997d27710bb6a [none]
[debug] [2022-01-13T09:12:32.560Z] >>> [apiv2][body] POST https://upload-firebasehosting.googleapis.com/upload/sites/vue-cli-3-custom/versions/17f29371dc078f9c/files/d619b7e11526bb3cc7fd567e715fd93c95ae494c128e0e8c607997d27710bb6a [stream]
[debug] [2022-01-13T09:12:32.572Z] Error: EPERM: operation not permitted, open 'E:\FrameWork\App\vue-cli-3-custom\dist\js\chunk-vendors.6371603d.js'
[error] 
[error] Error: An unexpected error has occurred.
[debug] [2022-01-13T09:12:43.713Z] [uploadQueue] Retrying task d619b7e11526bb3cc7fd567e715fd93c95ae494c128e0e8c607997d27710bb6a
[debug] [2022-01-13T09:12:43.714Z] >>> [apiv2][query] POST https://upload-firebasehosting.googleapis.com/upload/sites/vue-cli-3-custom/versions/fd9da94bae8fc2de/files/d619b7e11526bb3cc7fd567e715fd93c95ae494c128e0e8c607997d27710bb6a [none]
[debug] [2022-01-13T09:12:43.714Z] >>> [apiv2][body] POST https://upload-firebasehosting.googleapis.com/upload/sites/vue-cli-3-custom/versions/fd9da94bae8fc2de/files/d619b7e11526bb3cc7fd567e715fd93c95ae494c128e0e8c607997d27710bb6a [stream]
[debug] [2022-01-13T09:12:43.716Z] Error: EPERM: operation not permitted, open 'E:\FrameWork\App\vue-cli-3-custom\dist\js\chunk-vendors.6371603d.js'
[error] 
[error] Error: An unexpected error has occurred.
[debug] [2022-01-13T09:13:21.099Z] ----------------------------------------------------------------------
[debug] [2022-01-13T09:13:21.102Z] Command:       C:\Program Files\nodejs\node.exe C:\Users\Hossam\AppData\Roaming\npm\node_modules\firebase-tools\lib\bin\firebase.js deploy --only hosting
[debug] [2022-01-13T09:13:21.102Z] CLI Version:   10.1.0
[debug] [2022-01-13T09:13:21.102Z] Platform:      win32
[debug] [2022-01-13T09:13:21.102Z] Node Version:  v14.16.0
[debug] [2022-01-13T09:13:21.103Z] Time:          Thu Jan 13 2022 11:13:21 GMT+0200 (توقيت شرق أوروبا الرسمي)
[debug] [2022-01-13T09:13:21.104Z] ----------------------------------------------------------------------
[debug] 
[debug] [2022-01-13T09:13:21.177Z] > command requires scopes: ["email","openid","https://www.googleapis.com/auth/cloudplatformprojects.readonly","https://www.googleapis.com/auth/firebase","https://www.googleapis.com/auth/cloud-platform"]
[debug] [2022-01-13T09:13:21.178Z] > authorizing via signed-in user (tomorrow.website2050@gmail.com)
[debug] [2022-01-13T09:13:21.178Z] [iam] checking project vue-cli-3-custom for permissions ["firebase.projects.get","firebasehosting.sites.update"]
[debug] [2022-01-13T09:13:21.180Z] > refreshing access token with scopes: ["email","https://www.googleapis.com/auth/cloud-platform","https://www.googleapis.com/auth/cloudplatformprojects.readonly","https://www.googleapis.com/auth/firebase","openid"]
[debug] [2022-01-13T09:13:21.180Z] >>> HTTP REQUEST POST https://www.googleapis.com/oauth2/v3/token  
 <request body omitted>
[debug] [2022-01-13T09:13:22.935Z] <<< HTTP RESPONSE 200 {"expires":"Mon, 01 Jan 1990 00:00:00 GMT","pragma":"no-cache","cache-control":"no-cache, no-store, max-age=0, must-revalidate","date":"Thu, 13 Jan 2022 09:13:21 GMT","content-type":"application/json; charset=utf-8","vary":"X-Origin, Referer, Origin,Accept-Encoding","server":"scaffolding on HTTPServer2","x-xss-protection":"0","x-frame-options":"SAMEORIGIN","x-content-type-options":"nosniff","alt-svc":"h3=\":443\"; ma=2592000,h3-29=\":443\"; ma=2592000,h3-Q050=\":443\"; ma=2592000,h3-Q046=\":443\"; ma=2592000,h3-Q043=\":443\"; ma=2592000,quic=\":443\"; ma=2592000; v=\"46,43\"","accept-ranges":"none","transfer-encoding":"chunked"}
[debug] [2022-01-13T09:13:23.116Z] >>> HTTP REQUEST POST https://cloudresourcemanager.googleapis.com/v1/projects/vue-cli-3-custom:testIamPermissions  
 {"permissions":["firebase.projects.get","firebasehosting.sites.update"]}
[debug] [2022-01-13T09:13:26.684Z] <<< HTTP RESPONSE 200 {"content-type":"application/json; charset=UTF-8","vary":"X-Origin, Referer, Origin,Accept-Encoding","date":"Thu, 13 Jan 2022 09:13:25 GMT","server":"ESF","cache-control":"private","x-xss-protection":"0","x-frame-options":"SAMEORIGIN","x-content-type-options":"nosniff","server-timing":"gfet4t7; dur=603","alt-svc":"h3=\":443\"; ma=2592000,h3-29=\":443\"; ma=2592000,h3-Q050=\":443\"; ma=2592000,h3-Q046=\":443\"; ma=2592000,h3-Q043=\":443\"; ma=2592000,quic=\":443\"; ma=2592000; v=\"46,43\"","accept-ranges":"none","transfer-encoding":"chunked"}
[debug] [2022-01-13T09:13:26.685Z] > refreshing access token with scopes: []
[debug] [2022-01-13T09:13:26.686Z] >>> HTTP REQUEST POST https://www.googleapis.com/oauth2/v3/token  
 <request body omitted>
[debug] [2022-01-13T09:13:28.822Z] <<< HTTP RESPONSE 200 {"pragma":"no-cache","date":"Thu, 13 Jan 2022 09:13:28 GMT","expires":"Mon, 01 Jan 1990 00:00:00 GMT","cache-control":"no-cache, no-store, max-age=0, must-revalidate","content-type":"application/json; charset=utf-8","vary":"X-Origin, Referer, Origin,Accept-Encoding","server":"scaffolding on HTTPServer2","x-xss-protection":"0","x-frame-options":"SAMEORIGIN","x-content-type-options":"nosniff","alt-svc":"h3=\":443\"; ma=2592000,h3-29=\":443\"; ma=2592000,h3-Q050=\":443\"; ma=2592000,h3-Q046=\":443\"; ma=2592000,h3-Q043=\":443\"; ma=2592000,quic=\":443\"; ma=2592000; v=\"46,43\"","accept-ranges":"none","transfer-encoding":"chunked"}
[debug] [2022-01-13T09:13:29.035Z] >>> [apiv2][query] GET https://firebase.googleapis.com/v1beta1/projects/vue-cli-3-custom [none]
[debug] [2022-01-13T09:13:29.700Z] <<< [apiv2][status] GET https://firebase.googleapis.com/v1beta1/projects/vue-cli-3-custom 200
[debug] [2022-01-13T09:13:29.701Z] <<< [apiv2][body] GET https://firebase.googleapis.com/v1beta1/projects/vue-cli-3-custom {"projectId":"vue-cli-3-custom","projectNumber":"603557266894","displayName":"vue-cli-3-custom","name":"projects/vue-cli-3-custom","resources":{"hostingSite":"vue-cli-3-custom","storageBucket":"vue-cli-3-custom.appspot.com","locationId":"europe-west"},"state":"ACTIVE"}
[info] 
[info] === Deploying to 'vue-cli-3-custom'...
[info] 
[info] i  deploying hosting 
[debug] [2022-01-13T09:13:29.705Z] > refreshing access token with scopes: ["email","https://www.googleapis.com/auth/cloud-platform","https://www.googleapis.com/auth/cloudplatformprojects.readonly","https://www.googleapis.com/auth/firebase","openid"]
[debug] [2022-01-13T09:13:29.705Z] >>> HTTP REQUEST POST https://www.googleapis.com/oauth2/v3/token  
 <request body omitted>
[debug] [2022-01-13T09:13:30.024Z] <<< HTTP RESPONSE 200 {"cache-control":"no-cache, no-store, max-age=0, must-revalidate","date":"Thu, 13 Jan 2022 09:13:29 GMT","pragma":"no-cache","expires":"Mon, 01 Jan 1990 00:00:00 GMT","content-type":"application/json; charset=utf-8","vary":"X-Origin, Referer, Origin,Accept-Encoding","server":"scaffolding on HTTPServer2","x-xss-protection":"0","x-frame-options":"SAMEORIGIN","x-content-type-options":"nosniff","alt-svc":"h3=\":443\"; ma=2592000,h3-29=\":443\"; ma=2592000,h3-Q050=\":443\"; ma=2592000,h3-Q046=\":443\"; ma=2592000,h3-Q043=\":443\"; ma=2592000,quic=\":443\"; ma=2592000; v=\"46,43\"","accept-ranges":"none","transfer-encoding":"chunked"}
[debug] [2022-01-13T09:13:30.140Z] >>> HTTP REQUEST POST https://firebasehosting.googleapis.com/v1beta1/sites/vue-cli-3-custom/versions  
 {"config":{"rewrites":[{"glob":"**","path":"/index.html"}]},"labels":{"deployment-tool":"cli-firebase"}}
[debug] [2022-01-13T09:13:31.569Z] <<< HTTP RESPONSE 200 {"content-type":"application/json; charset=UTF-8","vary":"X-Origin, Referer, Origin,Accept-Encoding","date":"Thu, 13 Jan 2022 09:13:30 GMT","server":"ESF","cache-control":"private","x-xss-protection":"0","x-frame-options":"SAMEORIGIN","x-content-type-options":"nosniff","alt-svc":"h3=\":443\"; ma=2592000,h3-29=\":443\"; ma=2592000,h3-Q050=\":443\"; ma=2592000,h3-Q046=\":443\"; ma=2592000,h3-Q043=\":443\"; ma=2592000,quic=\":443\"; ma=2592000; v=\"46,43\"","accept-ranges":"none","transfer-encoding":"chunked"}
[info] i  hosting[vue-cli-3-custom]: beginning deploy... 
[info] i  hosting[vue-cli-3-custom]: found 11 files in dist 
[debug] [2022-01-13T09:13:32.122Z] > refreshing access token with scopes: []
[debug] [2022-01-13T09:13:32.122Z] >>> HTTP REQUEST POST https://www.googleapis.com/oauth2/v3/token  
 <request body omitted>
[debug] [2022-01-13T09:13:32.124Z] [hosting] hash cache [ZGlzdA] stored for 11 files
[debug] [2022-01-13T09:13:32.124Z] [hosting][hash queue][FINAL] {"max":540,"min":5,"avg":72.27272727272727,"active":0,"complete":11,"success":11,"errored":0,"retried":0,"total":11,"elapsed":545}
[debug] [2022-01-13T09:13:32.595Z] <<< HTTP RESPONSE 200 {"pragma":"no-cache","cache-control":"no-cache, no-store, max-age=0, must-revalidate","date":"Thu, 13 Jan 2022 09:13:31 GMT","expires":"Mon, 01 Jan 1990 00:00:00 GMT","content-type":"application/json; charset=utf-8","vary":"X-Origin, Referer, Origin,Accept-Encoding","server":"scaffolding on HTTPServer2","x-xss-protection":"0","x-frame-options":"SAMEORIGIN","x-content-type-options":"nosniff","alt-svc":"h3=\":443\"; ma=2592000,h3-29=\":443\"; ma=2592000,h3-Q050=\":443\"; ma=2592000,h3-Q046=\":443\"; ma=2592000,h3-Q043=\":443\"; ma=2592000,quic=\":443\"; ma=2592000; v=\"46,43\"","accept-ranges":"none","transfer-encoding":"chunked"}
[debug] [2022-01-13T09:13:32.726Z] >>> [apiv2][query] POST https://firebasehosting.googleapis.com/v1beta1/sites/vue-cli-3-custom/versions/3c42243dcef96407:populateFiles [none]
[debug] [2022-01-13T09:13:32.726Z] >>> [apiv2][body] POST https://firebasehosting.googleapis.com/v1beta1/sites/vue-cli-3-custom/versions/3c42243dcef96407:populateFiles {"files":{"/index.html":"3f3f409b43976fc3bb374045924fa7fd04d3ecda8a3bb0ebb1c06ed6ecf190d6","/favicon.ico":"d5451f0f0f0bcbcd433bbdf4f6e7e5d89d8ecce2650649e969ccb5e5cd499ab2","/img/logo.82b9c7a5.png":"438ff076c76bd2573eb20ffa0804462a1334b7d28aa49d1b55a84d7345269938","/js/app.bda72c54.js":"82c2700b12c243ab5b0ebf27b6abdeaf0bf25bf2c20597888e3e5a4d423db7d3","/js/app.bda72c54.js.map":"c98659f5e1944cc10d6d13850ea4286cac3a9dbad0a4f00bab7f2a88eb4e443b","/css/chunk-vendors.34dcb83a.css":"68b2de2197fa64323dc795fdd18db73cf0352bfbe2ba5e30323ce7c98869966d","/img/bg-1.d59fa5ec.jpg":"6ade7c8f0c9bebb83e7ee6a8259d68c7a74ae6be6e1599ddb32ba58101ce6477","/img/bg-2.23c218da.jpg":"5b694a1eb6842a81e10723244456f59dd1957b567f368a2a87083da900a4823c","/css/app.365d508c.css":"47c31bf00f5ceec3385934d0871eb2fbaa072600f7fc796adc648d19ab26b0b1","/js/chunk-vendors.549362a8.js":"f69215b1bbb45474d8b5d1589630b86ce5623b29c803339a319480342fb1732d","/js/chunk-vendors.549362a8.js.map":"7d49496131143fd9efa6077c468f957a7417fa1df95332ef6a7e108d6920c3aa"}}
[debug] [2022-01-13T09:13:34.040Z] <<< [apiv2][status] POST https://firebasehosting.googleapis.com/v1beta1/sites/vue-cli-3-custom/versions/3c42243dcef96407:populateFiles 200
[debug] [2022-01-13T09:13:34.040Z] <<< [apiv2][body] POST https://firebasehosting.googleapis.com/v1beta1/sites/vue-cli-3-custom/versions/3c42243dcef96407:populateFiles {"uploadRequiredHashes":["47c31bf00f5ceec3385934d0871eb2fbaa072600f7fc796adc648d19ab26b0b1","f69215b1bbb45474d8b5d1589630b86ce5623b29c803339a319480342fb1732d","7d49496131143fd9efa6077c468f957a7417fa1df95332ef6a7e108d6920c3aa","3f3f409b43976fc3bb374045924fa7fd04d3ecda8a3bb0ebb1c06ed6ecf190d6","82c2700b12c243ab5b0ebf27b6abdeaf0bf25bf2c20597888e3e5a4d423db7d3","c98659f5e1944cc10d6d13850ea4286cac3a9dbad0a4f00bab7f2a88eb4e443b"],"uploadUrl":"https://upload-firebasehosting.googleapis.com/upload/sites/vue-cli-3-custom/versions/3c42243dcef96407/files"}
[debug] [2022-01-13T09:13:34.042Z] >>> [apiv2][query] POST https://upload-firebasehosting.googleapis.com/upload/sites/vue-cli-3-custom/versions/3c42243dcef96407/files/47c31bf00f5ceec3385934d0871eb2fbaa072600f7fc796adc648d19ab26b0b1 [none]
[debug] [2022-01-13T09:13:34.042Z] >>> [apiv2][body] POST https://upload-firebasehosting.googleapis.com/upload/sites/vue-cli-3-custom/versions/3c42243dcef96407/files/47c31bf00f5ceec3385934d0871eb2fbaa072600f7fc796adc648d19ab26b0b1 [stream]
[debug] [2022-01-13T09:13:34.043Z] >>> [apiv2][query] POST https://upload-firebasehosting.googleapis.com/upload/sites/vue-cli-3-custom/versions/3c42243dcef96407/files/f69215b1bbb45474d8b5d1589630b86ce5623b29c803339a319480342fb1732d [none]
[debug] [2022-01-13T09:13:34.043Z] >>> [apiv2][body] POST https://upload-firebasehosting.googleapis.com/upload/sites/vue-cli-3-custom/versions/3c42243dcef96407/files/f69215b1bbb45474d8b5d1589630b86ce5623b29c803339a319480342fb1732d [stream]
[debug] [2022-01-13T09:13:34.044Z] >>> [apiv2][query] POST https://upload-firebasehosting.googleapis.com/upload/sites/vue-cli-3-custom/versions/3c42243dcef96407/files/7d49496131143fd9efa6077c468f957a7417fa1df95332ef6a7e108d6920c3aa [none]
[debug] [2022-01-13T09:13:34.044Z] >>> [apiv2][body] POST https://upload-firebasehosting.googleapis.com/upload/sites/vue-cli-3-custom/versions/3c42243dcef96407/files/7d49496131143fd9efa6077c468f957a7417fa1df95332ef6a7e108d6920c3aa [stream]
[debug] [2022-01-13T09:13:34.044Z] >>> [apiv2][query] POST https://upload-firebasehosting.googleapis.com/upload/sites/vue-cli-3-custom/versions/3c42243dcef96407/files/3f3f409b43976fc3bb374045924fa7fd04d3ecda8a3bb0ebb1c06ed6ecf190d6 [none]
[debug] [2022-01-13T09:13:34.044Z] >>> [apiv2][body] POST https://upload-firebasehosting.googleapis.com/upload/sites/vue-cli-3-custom/versions/3c42243dcef96407/files/3f3f409b43976fc3bb374045924fa7fd04d3ecda8a3bb0ebb1c06ed6ecf190d6 [stream]
[debug] [2022-01-13T09:13:34.045Z] >>> [apiv2][query] POST https://upload-firebasehosting.googleapis.com/upload/sites/vue-cli-3-custom/versions/3c42243dcef96407/files/82c2700b12c243ab5b0ebf27b6abdeaf0bf25bf2c20597888e3e5a4d423db7d3 [none]
[debug] [2022-01-13T09:13:34.046Z] >>> [apiv2][body] POST https://upload-firebasehosting.googleapis.com/upload/sites/vue-cli-3-custom/versions/3c42243dcef96407/files/82c2700b12c243ab5b0ebf27b6abdeaf0bf25bf2c20597888e3e5a4d423db7d3 [stream]
[debug] [2022-01-13T09:13:34.046Z] >>> [apiv2][query] POST https://upload-firebasehosting.googleapis.com/upload/sites/vue-cli-3-custom/versions/3c42243dcef96407/files/c98659f5e1944cc10d6d13850ea4286cac3a9dbad0a4f00bab7f2a88eb4e443b [none]
[debug] [2022-01-13T09:13:34.046Z] >>> [apiv2][body] POST https://upload-firebasehosting.googleapis.com/upload/sites/vue-cli-3-custom/versions/3c42243dcef96407/files/c98659f5e1944cc10d6d13850ea4286cac3a9dbad0a4f00bab7f2a88eb4e443b [stream]
[debug] [2022-01-13T09:13:34.047Z] [hosting][populate queue][FINAL] {"max":1920,"min":1920,"avg":1920,"active":0,"complete":1,"success":1,"errored":0,"retried":0,"total":1,"elapsed":1925}
[debug] [2022-01-13T09:13:34.047Z] [hosting] uploads queued: 6
[debug] [2022-01-13T09:13:37.701Z] <<< [apiv2][status] POST https://upload-firebasehosting.googleapis.com/upload/sites/vue-cli-3-custom/versions/3c42243dcef96407/files/82c2700b12c243ab5b0ebf27b6abdeaf0bf25bf2c20597888e3e5a4d423db7d3 200
[debug] [2022-01-13T09:13:37.701Z] <<< [apiv2][body] POST https://upload-firebasehosting.googleapis.com/upload/sites/vue-cli-3-custom/versions/3c42243dcef96407/files/82c2700b12c243ab5b0ebf27b6abdeaf0bf25bf2c20597888e3e5a4d423db7d3 [stream]
[debug] [2022-01-13T09:13:38.728Z] <<< [apiv2][status] POST https://upload-firebasehosting.googleapis.com/upload/sites/vue-cli-3-custom/versions/3c42243dcef96407/files/3f3f409b43976fc3bb374045924fa7fd04d3ecda8a3bb0ebb1c06ed6ecf190d6 200
[debug] [2022-01-13T09:13:38.729Z] <<< [apiv2][body] POST https://upload-firebasehosting.googleapis.com/upload/sites/vue-cli-3-custom/versions/3c42243dcef96407/files/3f3f409b43976fc3bb374045924fa7fd04d3ecda8a3bb0ebb1c06ed6ecf190d6 [stream]
[debug] [2022-01-13T09:13:45.421Z] <<< [apiv2][status] POST https://upload-firebasehosting.googleapis.com/upload/sites/vue-cli-3-custom/versions/3c42243dcef96407/files/c98659f5e1944cc10d6d13850ea4286cac3a9dbad0a4f00bab7f2a88eb4e443b 200
[debug] [2022-01-13T09:13:45.421Z] <<< [apiv2][body] POST https://upload-firebasehosting.googleapis.com/upload/sites/vue-cli-3-custom/versions/3c42243dcef96407/files/c98659f5e1944cc10d6d13850ea4286cac3a9dbad0a4f00bab7f2a88eb4e443b [stream]
[debug] [2022-01-13T09:13:45.427Z] <<< [apiv2][status] POST https://upload-firebasehosting.googleapis.com/upload/sites/vue-cli-3-custom/versions/3c42243dcef96407/files/47c31bf00f5ceec3385934d0871eb2fbaa072600f7fc796adc648d19ab26b0b1 200
[debug] [2022-01-13T09:13:45.427Z] <<< [apiv2][body] POST https://upload-firebasehosting.googleapis.com/upload/sites/vue-cli-3-custom/versions/3c42243dcef96407/files/47c31bf00f5ceec3385934d0871eb2fbaa072600f7fc796adc648d19ab26b0b1 [stream]
